C:\Program Files\Microsoft Visual Studio\2022\Community\MSBuild\Microsoft\VC\v160\Microsoft.CppBuild.targets(499,5): warning MSB8004: Output Directory does not end with a trailing slash.  This build instance will add the slash as it is required to allow proper evaluation of the Output Directory.
  p_client.c
C:\Users\pablo\Documents\quake-2-project\game\p_client.c(71,42): warning C4100: 'self': unreferenced formal parameter
C:\Users\pablo\Documents\quake-2-project\game\p_client.c(180,66): warning C4100: 'damage': unreferenced formal parameter
C:\Users\pablo\Documents\quake-2-project\game\p_client.c(180,56): warning C4100: 'kick': unreferenced formal parameter
C:\Users\pablo\Documents\quake-2-project\game\p_client.c(180,43): warning C4100: 'other': unreferenced formal parameter
C:\Users\pablo\Documents\quake-2-project\game\p_client.c(180,28): warning C4100: 'self': unreferenced formal parameter
C:\Users\pablo\Documents\quake-2-project\game\p_client.c(212,46): warning C4100: 'inflictor': unreferenced formal parameter
C:\Users\pablo\Documents\quake-2-project\game\p_client.c(502,91): warning C4100: 'point': unreferenced formal parameter
C:\Users\pablo\Documents\quake-2-project\game\p_client.c(932,89): warning C4100: 'point': unreferenced formal parameter
C:\Users\pablo\Documents\quake-2-project\game\p_client.c(932,60): warning C4100: 'attacker': unreferenced formal parameter
C:\Users\pablo\Documents\quake-2-project\game\p_client.c(932,40): warning C4100: 'inflictor': unreferenced formal parameter
C:\Users\pablo\Documents\quake-2-project\game\p_client.c(1371,10): warning C4996: 'strcpy': This function or variable may be unsafe. Consider using strcpy_s instead. To disable deprecation, use _CRT_SECURE_NO_WARNINGS. See online help for details.
C:\Users\pablo\Documents\quake-2-project\game\p_client.c(1376,2): warning C4996: 'strncpy': This function or variable may be unsafe. Consider using strncpy_s instead. To disable deprecation, use _CRT_SECURE_NO_WARNINGS. See online help for details.
C:\Users\pablo\Documents\quake-2-project\game\p_client.c(1416,2): warning C4996: 'strncpy': This function or variable may be unsafe. Consider using strncpy_s instead. To disable deprecation, use _CRT_SECURE_NO_WARNINGS. See online help for details.
  p_view.c
C:\Users\pablo\Documents\quake-2-project\game\p_view.c(42,27): warning C4100: 'angles': unreferenced formal parameter
  Generating Code...
C:\Users\pablo\Documents\quake-2-project\game\p_client.c(1755): warning C4701: potentially uninitialized local variable 'pm' used
     Creating library .\..\release\gamex86.lib and object .\..\release\gamex86.exp
  game.vcxproj -> C:\Users\pablo\Documents\quake-2-project\game\release\gamex86.dll
